
SQL*Loader: Release 21.0.0.0.0 - Production on Sun Jun 7 10:25:24 2026
Version 21.3.0.0.0

Copyright (c) 1982, 2021, Oracle and/or its affiliates.  All rights reserved.

Control File:   titanic.ctl
Data File:      cleaned_dataset.csv
  Bad File:     cleaned_dataset.bad
  Discard File:  none specified
 
 (Allow all discards)

Number to load: ALL
Number to skip: 0
Errors allowed: 50
Bind array:     250 rows, maximum of 1048576 bytes
Continuation:    none specified
Path used:      Conventional

Table TITANIC, loaded from every logical record.
Insert option in effect for this table: APPEND
TRAILING NULLCOLS option in effect

   Column Name                  Position   Len  Term Encl Datatype
------------------------------ ---------- ----- ---- ---- ---------------------
PASSENGERID                         FIRST     *   ,  O(") CHARACTER            
SURVIVED                             NEXT     *   ,  O(") CHARACTER            
PCLASS                               NEXT     *   ,  O(") CHARACTER            
NAME                                 NEXT     *   ,  O(") CHARACTER            
SEX                                  NEXT     *   ,  O(") CHARACTER            
AGE                                  NEXT     *   ,  O(") CHARACTER            
SIBSP                                NEXT     *   ,  O(") CHARACTER            
PARCH                                NEXT     *   ,  O(") CHARACTER            
TICKET                               NEXT     *   ,  O(") CHARACTER            
FARE                                 NEXT     *   ,  O(") CHARACTER            
CABIN                                NEXT     *   ,  O(") CHARACTER            
EMBARKED                             NEXT     *   ,  O(") CHARACTER            
AGE_GROUP                            NEXT     *   ,  O(") CHARACTER            

Record 1: Rejected - Error on table TITANIC, column PASSENGERID.
ORA-01722: invalid number


Table TITANIC:
  718 Rows successfully loaded.
  1 Row not loaded due to data errors.
  0 Rows not loaded because all WHEN clauses were failed.
  0 Rows not loaded because all fields were null.


Space allocated for bind array:                 838500 bytes(250 rows)
Read   buffer bytes: 1048576

Total logical records skipped:          0
Total logical records read:           719
Total logical records rejected:         1
Total logical records discarded:        0

Run began on Sun Jun 07 10:25:24 2026
Run ended on Sun Jun 07 10:25:31 2026

Elapsed time was:     00:00:07.01
CPU time was:         00:00:00.18
